<?xml version="1.0" encoding="UTF-8"?>
<!-- Generated by org.testng.reporters.JUnitReportReporter -->
<testsuite hostname="SSTSL1060" failures="0" tests="1" name="qaclickacademy.SeleniumTest" time="0.007" errors="0" timestamp="2021-07-22T08:52:14 IST" skipped="0">
  <testcase classname="qaclickacademy.SeleniumTest" name="elementsUI" time="0.007"/>
  <system-out/>
</testsuite> <!-- qaclickacademy.SeleniumTest -->
