<?xml version="1.0" encoding="UTF-8"?>
<!-- Generated by org.testng.reporters.JUnitReportReporter -->
<testsuite hostname="SSTSL1060" failures="0" tests="2" name="qaclickacademy.RestAPITest" time="0.007" errors="0" timestamp="2021-07-22T08:52:14 IST" skipped="0">
  <testcase classname="qaclickacademy.RestAPITest" name="PostJira" time="0.005"/>
  <system-out/>
  <testcase classname="qaclickacademy.RestAPITest" name="deleteTwitter" time="0.002"/>
  <system-out/>
</testsuite> <!-- qaclickacademy.RestAPITest -->
