<?xml version="1.0" encoding="UTF-8"?>
<!-- Generated by org.testng.reporters.JUnitReportReporter -->
<testsuite hostname="SSTSL1060" failures="0" tests="2" name="qaclickacademy.AppiumTest" time="0.032" errors="0" timestamp="2021-07-22T08:52:14 IST" skipped="0">
  <testcase classname="qaclickacademy.AppiumTest" name="NativeappAndroid" time="0.028"/>
  <system-out/>
  <testcase classname="qaclickacademy.AppiumTest" name="iosApps" time="0.004"/>
  <system-out/>
</testsuite> <!-- qaclickacademy.AppiumTest -->
