<?xml version="1.0" encoding="UTF-8"?>
<!-- Generated by org.testng.reporters.JUnitReportReporter -->
<testsuite skipped="0" hostname="SSTSL1060" name="qaclickacademy.RestAPITest" tests="2" failures="0" timestamp="22 Jul 2021 04:13:16 GMT" time="0.000" errors="0">
  <testcase name="PostJira" time="0.000" classname="qaclickacademy.RestAPITest"/>
  <testcase name="deleteTwitter" time="0.000" classname="qaclickacademy.RestAPITest"/>
</testsuite> <!-- qaclickacademy.RestAPITest -->
