<?xml version="1.0" encoding="UTF-8"?>
<!-- Generated by org.testng.reporters.JUnitReportReporter -->
<testsuite skipped="0" hostname="SSTSL1060" name="qaclickacademy.AppiumTest" tests="2" failures="0" timestamp="22 Jul 2021 04:13:17 GMT" time="0.009" errors="0">
  <testcase name="iosApps" time="0.000" classname="qaclickacademy.AppiumTest"/>
  <testcase name="NativeappAndroid" time="0.009" classname="qaclickacademy.AppiumTest"/>
</testsuite> <!-- qaclickacademy.AppiumTest -->
